Compiling D:\jobESP\ESPAN-04\Firmware\SPAN-04\ESPAN04_16 - Delay - SP - SMD - SMS\ESPAN-04 on 12-¡.Â.-21 at 00:10
>>> Warning 229 "D:\jobESP\ESPAN-04\Firmware\SPAN-04\ESPAN04_16 - Delay - SP - SMD - SMS\ESPAN-04.c" Line 730(1,1): Subscript out of range
>>> Warning 207 "D:\jobESP\ESPAN-04\Firmware\SPAN-04\ESPAN04_16 - Delay - SP - SMD - SMS\ESPAN-04.c" Line 4959(38,39): Code has no effect
>>> Warning 207 "D:\jobESP\ESPAN-04\Firmware\SPAN-04\ESPAN04_16 - Delay - SP - SMD - SMS\ESPAN-04.c" Line 4969(38,39): Code has no effect
>>> Warning 207 "D:\jobESP\ESPAN-04\Firmware\SPAN-04\ESPAN04_16 - Delay - SP - SMD - SMS\ESPAN-04.c" Line 5046(38,39): Code has no effect
>>> Warning 207 "D:\jobESP\ESPAN-04\Firmware\SPAN-04\ESPAN04_16 - Delay - SP - SMD - SMS\ESPAN-04.c" Line 5056(38,39): Code has no effect
>>> Warning 207 "D:\jobESP\ESPAN-04\Firmware\SPAN-04\ESPAN04_16 - Delay - SP - SMD - SMS\ESPAN-04.c" Line 5133(38,39): Code has no effect
>>> Warning 207 "D:\jobESP\ESPAN-04\Firmware\SPAN-04\ESPAN04_16 - Delay - SP - SMD - SMS\ESPAN-04.c" Line 5143(38,39): Code has no effect
>>> Warning 207 "D:\jobESP\ESPAN-04\Firmware\SPAN-04\ESPAN04_16 - Delay - SP - SMD - SMS\ESPAN-04.c" Line 5219(38,39): Code has no effect
>>> Warning 207 "D:\jobESP\ESPAN-04\Firmware\SPAN-04\ESPAN04_16 - Delay - SP - SMD - SMS\ESPAN-04.c" Line 5229(38,39): Code has no effect
>>> Warning 207 "D:\jobESP\ESPAN-04\Firmware\SPAN-04\ESPAN04_16 - Delay - SP - SMD - SMS\ESPAN-04.c" Line 5305(38,39): Code has no effect
>>> Warning 207 "D:\jobESP\ESPAN-04\Firmware\SPAN-04\ESPAN04_16 - Delay - SP - SMD - SMS\ESPAN-04.c" Line 5315(38,39): Code has no effect
>>> Warning 207 "D:\jobESP\ESPAN-04\Firmware\SPAN-04\ESPAN04_16 - Delay - SP - SMD - SMS\ESPAN-04.c" Line 5391(38,39): Code has no effect
>>> Warning 207 "D:\jobESP\ESPAN-04\Firmware\SPAN-04\ESPAN04_16 - Delay - SP - SMD - SMS\ESPAN-04.c" Line 5401(38,39): Code has no effect
>>> Warning 207 "D:\jobESP\ESPAN-04\Firmware\SPAN-04\ESPAN04_16 - Delay - SP - SMD - SMS\ESPAN-04.c" Line 5477(38,39): Code has no effect
>>> Warning 207 "D:\jobESP\ESPAN-04\Firmware\SPAN-04\ESPAN04_16 - Delay - SP - SMD - SMS\ESPAN-04.c" Line 5487(38,39): Code has no effect
>>> Warning 207 "D:\jobESP\ESPAN-04\Firmware\SPAN-04\ESPAN04_16 - Delay - SP - SMD - SMS\ESPAN-04.c" Line 5563(38,39): Code has no effect
>>> Warning 207 "D:\jobESP\ESPAN-04\Firmware\SPAN-04\ESPAN04_16 - Delay - SP - SMD - SMS\ESPAN-04.c" Line 5573(38,39): Code has no effect
>>> Warning 207 "D:\jobESP\ESPAN-04\Firmware\SPAN-04\ESPAN04_16 - Delay - SP - SMD - SMS\ESPAN-04.c" Line 5649(38,39): Code has no effect
>>> Warning 207 "D:\jobESP\ESPAN-04\Firmware\SPAN-04\ESPAN04_16 - Delay - SP - SMD - SMS\ESPAN-04.c" Line 5659(38,39): Code has no effect
>>> Warning 207 "D:\jobESP\ESPAN-04\Firmware\SPAN-04\ESPAN04_16 - Delay - SP - SMD - SMS\ESPAN-04.c" Line 5735(38,39): Code has no effect
>>> Warning 207 "D:\jobESP\ESPAN-04\Firmware\SPAN-04\ESPAN04_16 - Delay - SP - SMD - SMS\ESPAN-04.c" Line 5745(38,39): Code has no effect
>>> Warning 207 "D:\jobESP\ESPAN-04\Firmware\SPAN-04\ESPAN04_16 - Delay - SP - SMD - SMS\ESPAN-04.c" Line 5827(38,39): Code has no effect
>>> Warning 207 "D:\jobESP\ESPAN-04\Firmware\SPAN-04\ESPAN04_16 - Delay - SP - SMD - SMS\ESPAN-04.c" Line 5837(38,39): Code has no effect
>>> Warning 207 "D:\jobESP\ESPAN-04\Firmware\SPAN-04\ESPAN04_16 - Delay - SP - SMD - SMS\ESPAN-04.c" Line 5913(38,39): Code has no effect
>>> Warning 207 "D:\jobESP\ESPAN-04\Firmware\SPAN-04\ESPAN04_16 - Delay - SP - SMD - SMS\ESPAN-04.c" Line 5923(38,39): Code has no effect
>>> Warning 207 "D:\jobESP\ESPAN-04\Firmware\SPAN-04\ESPAN04_16 - Delay - SP - SMD - SMS\ESPAN-04.c" Line 5999(38,39): Code has no effect
>>> Warning 207 "D:\jobESP\ESPAN-04\Firmware\SPAN-04\ESPAN04_16 - Delay - SP - SMD - SMS\ESPAN-04.c" Line 6009(38,39): Code has no effect
>>> Warning 207 "D:\jobESP\ESPAN-04\Firmware\SPAN-04\ESPAN04_16 - Delay - SP - SMD - SMS\ESPAN-04.c" Line 6085(38,39): Code has no effect
>>> Warning 207 "D:\jobESP\ESPAN-04\Firmware\SPAN-04\ESPAN04_16 - Delay - SP - SMD - SMS\ESPAN-04.c" Line 6095(38,39): Code has no effect
>>> Warning 207 "D:\jobESP\ESPAN-04\Firmware\SPAN-04\ESPAN04_16 - Delay - SP - SMD - SMS\ESPAN-04.c" Line 6171(38,39): Code has no effect
>>> Warning 207 "D:\jobESP\ESPAN-04\Firmware\SPAN-04\ESPAN04_16 - Delay - SP - SMD - SMS\ESPAN-04.c" Line 6181(38,39): Code has no effect
>>> Warning 207 "D:\jobESP\ESPAN-04\Firmware\SPAN-04\ESPAN04_16 - Delay - SP - SMD - SMS\ESPAN-04.c" Line 6257(38,39): Code has no effect
>>> Warning 207 "D:\jobESP\ESPAN-04\Firmware\SPAN-04\ESPAN04_16 - Delay - SP - SMD - SMS\ESPAN-04.c" Line 6267(38,39): Code has no effect
>>> Warning 202 "D:\jobESP\ESPAN-04\Firmware\SPAN-04\ESPAN04_16 - Delay - SP - SMD - SMS\ESPAN-04.c" Line 107(6,14): Variable never used:   SyncFlag
>>> Warning 202 "D:\jobESP\ESPAN-04\Firmware\SPAN-04\ESPAN04_16 - Delay - SP - SMD - SMS\ESPAN-04.c" Line 118(6,15): Variable never used:   Output595
>>> Warning 202 "D:\jobESP\ESPAN-04\Firmware\SPAN-04\ESPAN04_16 - Delay - SP - SMD - SMS\ESPAN-04.c" Line 120(6,14): Variable never used:   tempdata
>>> Warning 202 "D:\jobESP\ESPAN-04\Firmware\SPAN-04\ESPAN04_16 - Delay - SP - SMD - SMS\ESPAN-04.c" Line 152(6,15): Variable never used:   Input9_10
>>> Warning 202 "D:\jobESP\ESPAN-04\Firmware\SPAN-04\ESPAN04_16 - Delay - SP - SMD - SMS\ESPAN-04.c" Line 154(6,16): Variable never used:   Input19_20
>>> Warning 202 "D:\jobESP\ESPAN-04\Firmware\SPAN-04\ESPAN04_16 - Delay - SP - SMD - SMS\ESPAN-04.c" Line 166(6,12): Variable never used:   Red1_8
>>> Warning 202 "D:\jobESP\ESPAN-04\Firmware\SPAN-04\ESPAN04_16 - Delay - SP - SMD - SMS\ESPAN-04.c" Line 167(6,13): Variable never used:   Red9_16
>>> Warning 202 "D:\jobESP\ESPAN-04\Firmware\SPAN-04\ESPAN04_16 - Delay - SP - SMD - SMS\ESPAN-04.c" Line 169(6,13): Variable never used:   Red9_10
>>> Warning 202 "D:\jobESP\ESPAN-04\Firmware\SPAN-04\ESPAN04_16 - Delay - SP - SMD - SMS\ESPAN-04.c" Line 170(6,14): Variable never used:   Red11_18
>>> Warning 202 "D:\jobESP\ESPAN-04\Firmware\SPAN-04\ESPAN04_16 - Delay - SP - SMD - SMS\ESPAN-04.c" Line 171(6,14): Variable never used:   Red19_20
>>> Warning 202 "D:\jobESP\ESPAN-04\Firmware\SPAN-04\ESPAN04_16 - Delay - SP - SMD - SMS\ESPAN-04.c" Line 173(6,14): Variable never used:   Green1_8
>>> Warning 202 "D:\jobESP\ESPAN-04\Firmware\SPAN-04\ESPAN04_16 - Delay - SP - SMD - SMS\ESPAN-04.c" Line 174(6,15): Variable never used:   Green9_16
>>> Warning 202 "D:\jobESP\ESPAN-04\Firmware\SPAN-04\ESPAN04_16 - Delay - SP - SMD - SMS\ESPAN-04.c" Line 176(6,15): Variable never used:   Green9_10
>>> Warning 202 "D:\jobESP\ESPAN-04\Firmware\SPAN-04\ESPAN04_16 - Delay - SP - SMD - SMS\ESPAN-04.c" Line 177(6,16): Variable never used:   Green11_18
>>> Warning 202 "D:\jobESP\ESPAN-04\Firmware\SPAN-04\ESPAN04_16 - Delay - SP - SMD - SMS\ESPAN-04.c" Line 178(6,16): Variable never used:   Green19_20
>>> Warning 202 "D:\jobESP\ESPAN-04\Firmware\SPAN-04\ESPAN04_16 - Delay - SP - SMD - SMS\ESPAN-04.c" Line 180(6,15): Variable never used:   OUTRed1_8
>>> Warning 202 "D:\jobESP\ESPAN-04\Firmware\SPAN-04\ESPAN04_16 - Delay - SP - SMD - SMS\ESPAN-04.c" Line 181(6,16): Variable never used:   OUTRed9_16
>>> Warning 202 "D:\jobESP\ESPAN-04\Firmware\SPAN-04\ESPAN04_16 - Delay - SP - SMD - SMS\ESPAN-04.c" Line 183(6,16): Variable never used:   OUTRed9_10
>>> Warning 202 "D:\jobESP\ESPAN-04\Firmware\SPAN-04\ESPAN04_16 - Delay - SP - SMD - SMS\ESPAN-04.c" Line 184(6,17): Variable never used:   OUTRed11_18
>>> Warning 202 "D:\jobESP\ESPAN-04\Firmware\SPAN-04\ESPAN04_16 - Delay - SP - SMD - SMS\ESPAN-04.c" Line 185(6,17): Variable never used:   OUTRed19_20
>>> Warning 202 "D:\jobESP\ESPAN-04\Firmware\SPAN-04\ESPAN04_16 - Delay - SP - SMD - SMS\ESPAN-04.c" Line 187(6,17): Variable never used:   OUTGreen1_8
>>> Warning 202 "D:\jobESP\ESPAN-04\Firmware\SPAN-04\ESPAN04_16 - Delay - SP - SMD - SMS\ESPAN-04.c" Line 188(6,18): Variable never used:   OUTGreen9_16
>>> Warning 202 "D:\jobESP\ESPAN-04\Firmware\SPAN-04\ESPAN04_16 - Delay - SP - SMD - SMS\ESPAN-04.c" Line 190(6,18): Variable never used:   OUTGreen9_10
>>> Warning 202 "D:\jobESP\ESPAN-04\Firmware\SPAN-04\ESPAN04_16 - Delay - SP - SMD - SMS\ESPAN-04.c" Line 191(6,19): Variable never used:   OUTGreen11_18
>>> Warning 202 "D:\jobESP\ESPAN-04\Firmware\SPAN-04\ESPAN04_16 - Delay - SP - SMD - SMS\ESPAN-04.c" Line 192(6,19): Variable never used:   OUTGreen19_20
>>> Warning 202 "D:\jobESP\ESPAN-04\Firmware\SPAN-04\ESPAN04_16 - Delay - SP - SMD - SMS\ESPAN-04.c" Line 198(6,21): Variable never used:   MasterSlaveSync
>>> Warning 202 "D:\jobESP\ESPAN-04\Firmware\SPAN-04\ESPAN04_16 - Delay - SP - SMD - SMS\ESPAN-04.c" Line 230(6,21): Variable never used:   MCP23s17_Op_dat
>>> Warning 202 "D:\jobESP\ESPAN-04\Firmware\SPAN-04\ESPAN04_16 - Delay - SP - SMD - SMS\ESPAN-04.c" Line 237(16,31): Variable never used:   MCP23_ReadError
>>> Warning 202 "D:\jobESP\ESPAN-04\Firmware\SPAN-04\ESPAN04_16 - Delay - SP - SMD - SMS\ESPAN-04.c" Line 327(14,24): Variable never used:   LED_Colour
>>> Warning 202 "D:\jobESP\ESPAN-04\Firmware\SPAN-04\ESPAN04_16 - Delay - SP - SMD - SMS\ESPAN-04.c" Line 1680(32,33): Variable never used:   k
>>> Warning 202 "D:\jobESP\ESPAN-04\Firmware\SPAN-04\ESPAN04_16 - Delay - SP - SMD - SMS\ESPAN-04.c" Line 2057(9,21): Variable never used:   MCP23s17_1_A
>>> Warning 202 "D:\jobESP\ESPAN-04\Firmware\SPAN-04\ESPAN04_16 - Delay - SP - SMD - SMS\ESPAN-04.c" Line 2058(9,21): Variable never used:   MCP23s17_1_B
>>> Warning 202 "D:\jobESP\ESPAN-04\Firmware\SPAN-04\ESPAN04_16 - Delay - SP - SMD - SMS\ESPAN-04.c" Line 2059(9,21): Variable never used:   MCP23s17_2_A
>>> Warning 202 "D:\jobESP\ESPAN-04\Firmware\SPAN-04\ESPAN04_16 - Delay - SP - SMD - SMS\ESPAN-04.c" Line 2060(9,21): Variable never used:   MCP23s17_2_B
>>> Warning 202 "D:\jobESP\ESPAN-04\Firmware\SPAN-04\ESPAN04_16 - Delay - SP - SMD - SMS\ESPAN-04.c" Line 2911(20,21): Variable never used:   k
      Memory usage:   ROM=69%      RAM=80% - 80%
      0 Errors,  68 Warnings.
Build Successful.
