
ROM used:   27784/65536 (42%)
            27784/65536 (42%) including unused fragments

            2.9 Average locations per line
            7.4 Average locations per statement

RAM used:   448/3896 (11%) at main() level
            472/3896 (12%) worst case

Stack used: 4 worst case (3 in main + 1 for interrupts)
Stack size: 31

Lines Stmts  %   Files
----- ----- ---  -----
 7413  3633  97  ESPAN-04.c
   63     0   0  ..\ESPAN04_20 - Delay - SP - SMD - PIC18F252\ESPAN-04.h
 1022     0   0  C:\Program Files (x86)\PICC\Devices\18F26K22.h
 1032   110   3  ..\ESPAN04_20 - Delay - SP - SMD - PIC18F252\23S17.c
----- -----
 9530  3743 Total

Page ROM  %  RAM    Vol Diff  Functions:
---- --- --- ---    --- ----  ----------
0     48   0    1             @delay_ms1
0    150   0    0    404  1.8  IO_INIT
0     50   0    4    147  2.2  IO_WRITE_REGISTER
0     56   0    4    178  3.2  IO_READ_REGISTER
0     22   0    2     59  1.5  IO_OUTPUT_A
0     22   0    2     59  1.5  IO_OUTPUT_B
0     28   0    2     75  2.3  IO_INPUT_A
0     28   0    2     75  2.3  IO_INPUT_B
0     18   0    2     59  1.5  IO_SET_TRIS_A
0     20   0    2     74  0.6  IO_SET_TRIS_B
0      8   0    0             @PUTCHARI_BIU_1
0    272   0    0             @const958
0    272   0    0             @const961
0     94   0    3    131  3.5  StoreReleaseFault
0     54   0    5             @READBITA
0     66   0    6             @WRITEBITA
0     80   0    5    357  6.6  CRC
0    274   0    2   1248  4.4  Driver595
0    720   1    2   6885  5.5  Alarmtosend
0    566   1    2   2746  6.4  checkCommand
0   6276  11    2  44947  9.0  Modbus_Function
0   2086   4    9  13242 11.5  Read_input
0     34   0    5             @MUL1616
0     58   0    0             @goto16966
0     58   0    0             @goto17005
0     58   0    0             @goto17052
0     58   0    0             @goto17091
0   2810   5    1  12485  3.5  Read_Config
0     16   0    0     35  1.6  RDA_isr
0    146   0    1   1334  5.9  TIMER2_isr
0   6598  12   16 100857  6.5  Anal_Function
0    936   2    1  15644  5.0  Send_Ouput
0    218   0    0   2829  4.4  ForceAllAlarm
0    252   0   11   1481  5.9  check_test
0    334   1    3   6054  5.5  check_ack
0    452   1    3   3485  5.4  check_reset
0   1928   3    7   8067  6.0  CheckAutoReset
0   2320   4    4  21634 10.0  MAIN
0     58   0    0             @goto23880
0     58   0    0             @goto23907
 Inline         0             @cinit1

Program metrics:
    Functions               27
    Statements              3743
    Comments                3722
    Volume (V)              319544
    Difficulty (D)          128.1
    Effort to implement (E) 40918736
    Time to implement (T)   631 hours, 28 minutes
    Est Delivered Bugs (B)  40
    Cyclomatic Complexity   715
    Maintainability (MI)    6

 Segment     Used  Free
-----------  ----  ----
00000-00002     4  0  
00004-00006     0  4  
00008-000B8   178  0  
000BA-0FFFE  27602  37748  



